<?xml version="1.0" encoding="UTF-8"?>
<testsuite xmlns:xsi="http://www.w3.org/2001/XMLSchema-instance" xsi:noNamespaceSchemaLocation="https://maven.apache.org/surefire/maven-surefire-plugin/xsd/surefire-test-report-3.0.xsd" version="3.0" name="com.semenihin.services.impl.LBBookServiceImplTest" time="1.007" tests="17" errors="0" skipped="0" failures="0">
  <properties>
    <property name="java.specification.version" value="17"/>
    <property name="sun.cpu.isalist" value="amd64"/>
    <property name="sun.jnu.encoding" value="Cp1251"/>
    <property name="java.class.path" value="D:\Work\Library\target\test-classes;D:\Work\Library\target\classes;C:\Users\Никита\.m2\repository\junit\junit\4.13.2\junit-4.13.2.jar;C:\Users\Никита\.m2\repository\org\hamcrest\hamcrest-core\1.3\hamcrest-core-1.3.jar;C:\Users\Никита\.m2\repository\org\mockito\mockito-core\4.11.0\mockito-core-4.11.0.jar;C:\Users\Никита\.m2\repository\net\bytebuddy\byte-buddy\1.12.19\byte-buddy-1.12.19.jar;C:\Users\Никита\.m2\repository\net\bytebuddy\byte-buddy-agent\1.12.19\byte-buddy-agent-1.12.19.jar;C:\Users\Никита\.m2\repository\org\objenesis\objenesis\3.3\objenesis-3.3.jar;C:\Users\Никита\.m2\repository\com\mysql\mysql-connector-j\8.0.33\mysql-connector-j-8.0.33.jar;C:\Users\Никита\.m2\repository\com\google\protobuf\protobuf-java\3.21.9\protobuf-java-3.21.9.jar;C:\Users\Никита\.m2\repository\org\mockito\mockito-inline\4.11.0\mockito-inline-4.11.0.jar;"/>
    <property name="java.vm.vendor" value="Oracle Corporation"/>
    <property name="sun.arch.data.model" value="64"/>
    <property name="user.variant" value=""/>
    <property name="java.vendor.url" value="https://java.oracle.com/"/>
    <property name="user.timezone" value="Europe/Minsk"/>
    <property name="os.name" value="Windows 11"/>
    <property name="java.vm.specification.version" value="17"/>
    <property name="sun.java.launcher" value="SUN_STANDARD"/>
    <property name="user.country" value="US"/>
    <property name="sun.boot.library.path" value="C:\Program Files\Java\jdk-17\bin"/>
    <property name="sun.java.command" value="C:\Users\Никита\AppData\Local\Temp\surefire6857813191459779817\surefirebooter-20250822170540219_3.jar C:\Users\Никита\AppData\Local\Temp\surefire6857813191459779817 2025-08-22T17-05-40_096-jvmRun1 surefire-20250822170540219_1tmp surefire_0-20250822170540219_2tmp"/>
    <property name="jdk.debug" value="release"/>
    <property name="surefire.test.class.path" value="D:\Work\Library\target\test-classes;D:\Work\Library\target\classes;C:\Users\Никита\.m2\repository\junit\junit\4.13.2\junit-4.13.2.jar;C:\Users\Никита\.m2\repository\org\hamcrest\hamcrest-core\1.3\hamcrest-core-1.3.jar;C:\Users\Никита\.m2\repository\org\mockito\mockito-core\4.11.0\mockito-core-4.11.0.jar;C:\Users\Никита\.m2\repository\net\bytebuddy\byte-buddy\1.12.19\byte-buddy-1.12.19.jar;C:\Users\Никита\.m2\repository\net\bytebuddy\byte-buddy-agent\1.12.19\byte-buddy-agent-1.12.19.jar;C:\Users\Никита\.m2\repository\org\objenesis\objenesis\3.3\objenesis-3.3.jar;C:\Users\Никита\.m2\repository\com\mysql\mysql-connector-j\8.0.33\mysql-connector-j-8.0.33.jar;C:\Users\Никита\.m2\repository\com\google\protobuf\protobuf-java\3.21.9\protobuf-java-3.21.9.jar;C:\Users\Никита\.m2\repository\org\mockito\mockito-inline\4.11.0\mockito-inline-4.11.0.jar;"/>
    <property name="sun.cpu.endian" value="little"/>
    <property name="user.home" value="C:\Users\Никита"/>
    <property name="user.language" value="en"/>
    <property name="java.specification.vendor" value="Oracle Corporation"/>
    <property name="java.version.date" value="2024-07-16"/>
    <property name="java.home" value="C:\Program Files\Java\jdk-17"/>
    <property name="file.separator" value="\"/>
    <property name="basedir" value="D:\Work\Library"/>
    <property name="java.vm.compressedOopsMode" value="Zero based"/>
    <property name="line.separator" value="&#10;"/>
    <property name="java.vm.specification.vendor" value="Oracle Corporation"/>
    <property name="java.specification.name" value="Java Platform API Specification"/>
    <property name="surefire.real.class.path" value="C:\Users\Никита\AppData\Local\Temp\surefire6857813191459779817\surefirebooter-20250822170540219_3.jar"/>
    <property name="user.script" value=""/>
    <property name="sun.management.compiler" value="HotSpot 64-Bit Tiered Compilers"/>
    <property name="java.runtime.version" value="17.0.12+8-LTS-286"/>
    <property name="user.name" value="Никита"/>
    <property name="path.separator" value=";"/>
    <property name="os.version" value="10.0"/>
    <property name="java.runtime.name" value="Java(TM) SE Runtime Environment"/>
    <property name="file.encoding" value="Cp1251"/>
    <property name="java.vm.name" value="Java HotSpot(TM) 64-Bit Server VM"/>
    <property name="localRepository" value="C:\Users\Никита\.m2\repository"/>
    <property name="java.vendor.url.bug" value="https://bugreport.java.com/bugreport/"/>
    <property name="java.io.tmpdir" value="C:\Users\843E~1\AppData\Local\Temp\"/>
    <property name="java.version" value="17.0.12"/>
    <property name="user.dir" value="D:\Work\Library"/>
    <property name="os.arch" value="amd64"/>
    <property name="java.vm.specification.name" value="Java Virtual Machine Specification"/>
    <property name="sun.os.patch.level" value=""/>
    <property name="native.encoding" value="Cp1251"/>
    <property name="java.library.path" value="C:\Program Files\Java\jdk-17\bin;C:\WINDOWS\Sun\Java\bin;C:\WINDOWS\system32;C:\WINDOWS;C:\Program Files\Java\jdk-17\bin;C:\WINDOWS\system32;C:\WINDOWS;C:\WINDOWS\System32\Wbem;C:\WINDOWS\System32\WindowsPowerShell\v1.0\;C:\WINDOWS\System32\OpenSSH\;C:\Program Files (x86)\NVIDIA Corporation\PhysX\Common;C:\Program Files\dotnet\;C:\Program Files\NVIDIA Corporation\NVIDIA app\NvDLISR;C:\Program Files\Git\cmd;C:\Program Files\Cloudflare\Cloudflare WARP\;C:\Program Files\MySQL\MySQL Shell 8.0\bin\;C:\Users\Никита\AppData\Local\Microsoft\WindowsApps;C:\Program Files\JetBrains\IntelliJ IDEA Community Edition 2024.3.1.1\bin;;C:\Program Files\Apache\Maven\apache-maven-3.9.9\bin;;."/>
    <property name="java.vm.info" value="mixed mode, sharing"/>
    <property name="java.vendor" value="Oracle Corporation"/>
    <property name="java.vm.version" value="17.0.12+8-LTS-286"/>
    <property name="sun.io.unicode.encoding" value="UnicodeLittle"/>
    <property name="java.class.version" value="61.0"/>
  </properties>
  <testcase name="findBookTest" classname="com.semenihin.services.impl.LBBookServiceImplTest" time="0.888">
    <system-out><![CDATA[[MockitoHint] LBBookServiceImplTest.findBookTest (see javadoc for MockitoHint):
[MockitoHint] 1. Unused -> at com.semenihin.services.impl.LBBookServiceImplTest.setUp(LBBookServiceImplTest.java:67)

]]></system-out>
  </testcase>
  <testcase name="createBookTest_WhenBookAlreadyExist" classname="com.semenihin.services.impl.LBBookServiceImplTest" time="0.003">
    <system-out><![CDATA[[MockitoHint] LBBookServiceImplTest.createBookTest_WhenBookAlreadyExist (see javadoc for MockitoHint):
[MockitoHint] 1. Unused -> at com.semenihin.services.impl.LBBookServiceImplTest.setUp(LBBookServiceImplTest.java:67)

]]></system-out>
  </testcase>
  <testcase name="existFalseTest" classname="com.semenihin.services.impl.LBBookServiceImplTest" time="0.005">
    <system-out><![CDATA[[MockitoHint] LBBookServiceImplTest.existFalseTest (see javadoc for MockitoHint):
[MockitoHint] 1. Unused -> at com.semenihin.services.impl.LBBookServiceImplTest.setUp(LBBookServiceImplTest.java:67)

]]></system-out>
  </testcase>
  <testcase name="rentBookExceptionTest" classname="com.semenihin.services.impl.LBBookServiceImplTest" time="0.006">
    <system-out><![CDATA[[MockitoHint] LBBookServiceImplTest.rentBookExceptionTest (see javadoc for MockitoHint):
[MockitoHint] 1. Unused -> at com.semenihin.services.impl.LBBookServiceImplTest.setUp(LBBookServiceImplTest.java:67)

]]></system-out>
  </testcase>
  <testcase name="updateBookTest" classname="com.semenihin.services.impl.LBBookServiceImplTest" time="0.011">
    <system-out><![CDATA[[MockitoHint] LBBookServiceImplTest.updateBookTest (see javadoc for MockitoHint):
[MockitoHint] 1. Unused -> at com.semenihin.services.impl.LBBookServiceImplTest.setUp(LBBookServiceImplTest.java:66)

]]></system-out>
  </testcase>
  <testcase name="createBookTest" classname="com.semenihin.services.impl.LBBookServiceImplTest" time="0.005">
    <system-out><![CDATA[[MockitoHint] LBBookServiceImplTest.createBookTest (see javadoc for MockitoHint):
[MockitoHint] 1. Unused -> at com.semenihin.services.impl.LBBookServiceImplTest.setUp(LBBookServiceImplTest.java:67)

]]></system-out>
  </testcase>
  <testcase name="deleteBookExceptionTest" classname="com.semenihin.services.impl.LBBookServiceImplTest" time="0.003">
    <system-out><![CDATA[[MockitoHint] LBBookServiceImplTest.deleteBookExceptionTest (see javadoc for MockitoHint):
[MockitoHint] 1. Unused -> at com.semenihin.services.impl.LBBookServiceImplTest.setUp(LBBookServiceImplTest.java:67)

]]></system-out>
  </testcase>
  <testcase name="printBooksTest" classname="com.semenihin.services.impl.LBBookServiceImplTest" time="0.005">
    <system-out><![CDATA[[MockitoHint] LBBookServiceImplTest.printBooksTest (see javadoc for MockitoHint):
[MockitoHint] 1. Unused -> at com.semenihin.services.impl.LBBookServiceImplTest.setUp(LBBookServiceImplTest.java:67)

]]></system-out>
  </testcase>
  <testcase name="rentBookTest" classname="com.semenihin.services.impl.LBBookServiceImplTest" time="0.003">
    <system-out><![CDATA[[MockitoHint] LBBookServiceImplTest.rentBookTest (see javadoc for MockitoHint):
[MockitoHint] 1. Unused -> at com.semenihin.services.impl.LBBookServiceImplTest.setUp(LBBookServiceImplTest.java:67)

]]></system-out>
  </testcase>
  <testcase name="returnBookExceptionTest" classname="com.semenihin.services.impl.LBBookServiceImplTest" time="0.003">
    <system-out><![CDATA[[MockitoHint] LBBookServiceImplTest.returnBookExceptionTest (see javadoc for MockitoHint):
[MockitoHint] 1. Unused -> at com.semenihin.services.impl.LBBookServiceImplTest.setUp(LBBookServiceImplTest.java:67)

]]></system-out>
  </testcase>
  <testcase name="deleteBookTest" classname="com.semenihin.services.impl.LBBookServiceImplTest" time="0.003">
    <system-out><![CDATA[[MockitoHint] LBBookServiceImplTest.deleteBookTest (see javadoc for MockitoHint):
[MockitoHint] 1. Unused -> at com.semenihin.services.impl.LBBookServiceImplTest.setUp(LBBookServiceImplTest.java:67)

]]></system-out>
  </testcase>
  <testcase name="existTrueTest" classname="com.semenihin.services.impl.LBBookServiceImplTest" time="0.002">
    <system-out><![CDATA[[MockitoHint] LBBookServiceImplTest.existTrueTest (see javadoc for MockitoHint):
[MockitoHint] 1. Unused -> at com.semenihin.services.impl.LBBookServiceImplTest.setUp(LBBookServiceImplTest.java:67)

]]></system-out>
  </testcase>
  <testcase name="updateUserInBookTest" classname="com.semenihin.services.impl.LBBookServiceImplTest" time="0.003">
    <system-out><![CDATA[[MockitoHint] LBBookServiceImplTest.updateUserInBookTest (see javadoc for MockitoHint):
[MockitoHint] 1. Unused -> at com.semenihin.services.impl.LBBookServiceImplTest.setUp(LBBookServiceImplTest.java:66)
[MockitoHint] 2. Unused -> at com.semenihin.services.impl.LBBookServiceImplTest.setUp(LBBookServiceImplTest.java:67)

]]></system-out>
  </testcase>
  <testcase name="returnBookTest" classname="com.semenihin.services.impl.LBBookServiceImplTest" time="0.003">
    <system-out><![CDATA[[MockitoHint] LBBookServiceImplTest.returnBookTest (see javadoc for MockitoHint):
[MockitoHint] 1. Unused -> at com.semenihin.services.impl.LBBookServiceImplTest.setUp(LBBookServiceImplTest.java:67)

]]></system-out>
  </testcase>
  <testcase name="createBookTest_WhenBookAreRented" classname="com.semenihin.services.impl.LBBookServiceImplTest" time="0.005">
    <system-out><![CDATA[[MockitoHint] LBBookServiceImplTest.createBookTest_WhenBookAreRented (see javadoc for MockitoHint):
[MockitoHint] 1. Unused -> at com.semenihin.services.impl.LBBookServiceImplTest.setUp(LBBookServiceImplTest.java:67)

]]></system-out>
  </testcase>
  <testcase name="updateBookExceptionTest" classname="com.semenihin.services.impl.LBBookServiceImplTest" time="0.003">
    <system-out><![CDATA[[MockitoHint] LBBookServiceImplTest.updateBookExceptionTest (see javadoc for MockitoHint):
[MockitoHint] 1. Unused -> at com.semenihin.services.impl.LBBookServiceImplTest.setUp(LBBookServiceImplTest.java:66)

]]></system-out>
  </testcase>
  <testcase name="getBooksTest" classname="com.semenihin.services.impl.LBBookServiceImplTest" time="0.004">
    <system-out><![CDATA[[MockitoHint] LBBookServiceImplTest.getBooksTest (see javadoc for MockitoHint):
[MockitoHint] 1. Unused -> at com.semenihin.services.impl.LBBookServiceImplTest.setUp(LBBookServiceImplTest.java:67)

]]></system-out>
  </testcase>
</testsuite>